2021-04-26 13:44:54 [DEBUG] MyApp - Entering...
2021-04-26 13:44:54 [ERROR] MyApp - Files don't exist or
names aren't correctly.
2021-04-26 13:45:24 [DEBUG] MyApp - Entering...
2021-04-26 13:45:24 [ERROR] MyApp - Files don't exist or
names aren't correctly.
2021-04-26 13:46:07 [DEBUG] MyApp - Entering...
2021-04-26 13:46:07 [ERROR] MyApp - Files don't exist or
names aren't correctly.
2021-04-26 14:01:40 [ERROR] MyApp - Attributes are unknown or don't exist.
Please enter File names correctly.
One then another.
2021-04-27 10:12:27 [ERROR] MyApp - Attributes are unknown or don't exist.
Please enter File names correctly.
One then another.
2021-04-27 10:12:41 [ERROR] MyApp - Files don't exist or
names aren't correctly.
2021-04-27 11:03:45 [DEBUG] MyApp - Entering...
2021-04-27 11:03:45 [ERROR] MyApp - Attributes are unknown or don't exist.
Please enter File names correctly.
One then another.
2021-04-27 11:04:02 [DEBUG] MyApp - Entering...
2021-04-27 11:04:02 [DEBUG] MyApp - Exiting...
2021-04-29 10:18:16 [DEBUG] MyApp - Comparing procedure has been started.
2021-04-29 10:18:16 [DEBUG] MyApp - Success.
2021-04-29 10:18:16 [DEBUG] MyApp - Comparing procedure has been ended.
