2021-04-26 13:31:40 [ERROR] MyApp - Files don't exist or
names aren't correctly.
2021-04-26 13:37:50 [ERROR] MyApp - Files don't exist or
names aren't correctly.
2021-04-26 13:44:54 [ERROR] MyApp - Files don't exist or
names aren't correctly.
2021-04-26 13:45:24 [ERROR] MyApp - Files don't exist or
names aren't correctly.
2021-04-26 13:46:07 [ERROR] MyApp - Files don't exist or
names aren't correctly.
2021-04-29 13:18:23 [main] DEBUG DemoApplication - Entering...
2021-04-29 13:18:23 [main] DEBUG FileCompare - Comparing procedure has been started.
2021-04-29 13:18:23 [main] DEBUG FileCompare - Success.
2021-04-29 13:18:23 [main] DEBUG FileCompare - Comparing procedure has been ended.
2021-04-29 13:18:23 [main] DEBUG DemoApplication - Exiting...
2021-04-29 13:19:48 [main] [DEBUG] DemoApplication - Entering...
2021-04-29 13:19:48 [main] [DEBUG] FileCompare - Comparing procedure has been started.
2021-04-29 13:19:48 [main] [DEBUG] FileCompare - Success.
2021-04-29 13:19:48 [main] [DEBUG] FileCompare - Comparing procedure has been ended.
2021-04-29 13:19:48 [main] [DEBUG] DemoApplication - Exiting...
